2025-10-23 16:51:16.174 | INFO     | infrastructure.DB.mongo_db:initialize_db:18 - Initializing database 'orion_ledger' at 'mongodb://localhost:27017' with user 'admin'
2025-10-23 16:51:16.187 | SUCCESS  | infrastructure.DB.mongo_db:initialize_db:21 - Database initialized successfully.
2025-10-23 16:52:10.398 | INFO     | infrastructure.DB.mongo_db:initialize_db:18 - Initializing database 'orion_ledger' at 'mongodb://localhost:27017' with user 'admin'
2025-10-23 16:52:10.412 | SUCCESS  | infrastructure.DB.mongo_db:initialize_db:21 - Database initialized successfully.
2025-10-23 16:52:10.515 | ERROR    | infrastructure.DB.mongo_db:add_record:32 - Failed to add record to 'test_collection': Authentication failed., full error: {'ok': 0.0, 'errmsg': 'Authentication failed.', 'code': 18, 'codeName': 'AuthenticationFailed'}
Traceback (most recent call last):

  File "C:\Users\orobatic\Desktop\books\OrionLedger\Demand_analysis_model\main.py", line 12, in <module>
    db.add_record("test_collection", {"name": "Test Record", "value": 123})

> File "C:\Users\orobatic\Desktop\books\OrionLedger\Demand_analysis_model\infrastructure\DB\mongo_db.py", line 29, in add_record
    result = collection.insert_one(record)

  File "C:\Users\orobatic\anaconda3\envs\demand_analysis\Lib\site-packages\pymongo\synchronous\collection.py", line 891, in insert_one
    self._insert_one(
  File "C:\Users\orobatic\anaconda3\envs\demand_analysis\Lib\site-packages\pymongo\synchronous\collection.py", line 831, in _insert_one
    self._database.client._retryable_write(
  File "C:\Users\orobatic\anaconda3\envs\demand_analysis\Lib\site-packages\pymongo\synchronous\mongo_client.py", line 2061, in _retryable_write
    return self._retry_with_session(retryable, func, s, bulk, operation, operation_id)
  File "C:\Users\orobatic\anaconda3\envs\demand_analysis\Lib\site-packages\pymongo\synchronous\mongo_client.py", line 1947, in _retry_with_session
    return self._retry_internal(
  File "C:\Users\orobatic\anaconda3\envs\demand_analysis\Lib\site-packages\pymongo\_csot.py", line 119, in csot_wrapper
    return func(self, *args, **kwargs)
  File "C:\Users\orobatic\anaconda3\envs\demand_analysis\Lib\site-packages\pymongo\synchronous\mongo_client.py", line 1993, in _retry_internal
    ).run()
  File "C:\Users\orobatic\anaconda3\envs\demand_analysis\Lib\site-packages\pymongo\synchronous\mongo_client.py", line 2730, in run
    return self._read() if self._is_read else self._write()
  File "C:\Users\orobatic\anaconda3\envs\demand_analysis\Lib\site-packages\pymongo\synchronous\mongo_client.py", line 2841, in _write
    with self._client._checkout(self._server, self._session) as conn:
  File "C:\Users\orobatic\anaconda3\envs\demand_analysis\Lib\contextlib.py", line 141, in __enter__
    return next(self.gen)
  File "C:\Users\orobatic\anaconda3\envs\demand_analysis\Lib\site-packages\pymongo\synchronous\mongo_client.py", line 1756, in _checkout
    with server.checkout(handler=err_handler) as conn:
  File "C:\Users\orobatic\anaconda3\envs\demand_analysis\Lib\contextlib.py", line 141, in __enter__
    return next(self.gen)
  File "C:\Users\orobatic\anaconda3\envs\demand_analysis\Lib\site-packages\pymongo\synchronous\pool.py", line 1119, in checkout
    conn = self._get_conn(checkout_started_time, handler=handler)
  File "C:\Users\orobatic\anaconda3\envs\demand_analysis\Lib\site-packages\pymongo\synchronous\pool.py", line 1281, in _get_conn
    conn = self.connect(handler=handler)
  File "C:\Users\orobatic\anaconda3\envs\demand_analysis\Lib\site-packages\pymongo\synchronous\pool.py", line 1073, in connect
    conn.authenticate()
  File "C:\Users\orobatic\anaconda3\envs\demand_analysis\Lib\site-packages\pymongo\synchronous\pool.py", line 526, in authenticate
    auth.authenticate(creds, self, reauthenticate=reauthenticate)
  File "C:\Users\orobatic\anaconda3\envs\demand_analysis\Lib\site-packages\pymongo\synchronous\auth.py", line 450, in authenticate
    auth_func(credentials, conn)
  File "C:\Users\orobatic\anaconda3\envs\demand_analysis\Lib\site-packages\pymongo\synchronous\auth.py", line 355, in _authenticate_default
    return _authenticate_scram(credentials, conn, "SCRAM-SHA-1")
  File "C:\Users\orobatic\anaconda3\envs\demand_analysis\Lib\site-packages\pymongo\synchronous\auth.py", line 96, in _authenticate_scram
    res = conn.command(source, cmd)
  File "C:\Users\orobatic\anaconda3\envs\demand_analysis\Lib\site-packages\pymongo\synchronous\helpers.py", line 47, in inner
    return func(*args, **kwargs)
  File "C:\Users\orobatic\anaconda3\envs\demand_analysis\Lib\site-packages\pymongo\synchronous\pool.py", line 414, in command
    return command(
  File "C:\Users\orobatic\anaconda3\envs\demand_analysis\Lib\site-packages\pymongo\synchronous\network.py", line 212, in command
    helpers_shared._check_command_response(
  File "C:\Users\orobatic\anaconda3\envs\demand_analysis\Lib\site-packages\pymongo\helpers_shared.py", line 250, in _check_command_response
    raise OperationFailure(errmsg, code, response, max_wire_version)

pymongo.errors.OperationFailure: Authentication failed., full error: {'ok': 0.0, 'errmsg': 'Authentication failed.', 'code': 18, 'codeName': 'AuthenticationFailed'}
2025-10-23 16:52:20.493 | ERROR    | infrastructure.DB.mongo_db:get_record:41 - Failed to retrieve record from 'test_collection': Authentication failed., full error: {'ok': 0.0, 'errmsg': 'Authentication failed.', 'code': 18, 'codeName': 'AuthenticationFailed'}
Traceback (most recent call last):

  File "C:\Users\orobatic\Desktop\books\OrionLedger\Demand_analysis_model\main.py", line 13, in <module>
    record = db.get_record("test_collection", {"name": "Test Record"})

> File "C:\Users\orobatic\Desktop\books\OrionLedger\Demand_analysis_model\infrastructure\DB\mongo_db.py", line 37, in get_record
    record = collection.find_one(query)

  File "C:\Users\orobatic\anaconda3\envs\demand_analysis\Lib\site-packages\pymongo\synchronous\collection.py", line 1755, in find_one
    for result in cursor.limit(-1):
  File "C:\Users\orobatic\anaconda3\envs\demand_analysis\Lib\site-packages\pymongo\synchronous\cursor.py", line 1284, in __next__
    return self.next()
  File "C:\Users\orobatic\anaconda3\envs\demand_analysis\Lib\site-packages\pymongo\synchronous\cursor.py", line 1260, in next
    if len(self._data) or self._refresh():
  File "C:\Users\orobatic\anaconda3\envs\demand_analysis\Lib\site-packages\pymongo\synchronous\cursor.py", line 1208, in _refresh
    self._send_message(q)
  File "C:\Users\orobatic\anaconda3\envs\demand_analysis\Lib\site-packages\pymongo\synchronous\cursor.py", line 1102, in _send_message
    response = client._run_operation(
  File "C:\Users\orobatic\anaconda3\envs\demand_analysis\Lib\site-packages\pymongo\_csot.py", line 119, in csot_wrapper
    return func(self, *args, **kwargs)
  File "C:\Users\orobatic\anaconda3\envs\demand_analysis\Lib\site-packages\pymongo\synchronous\mongo_client.py", line 1917, in _run_operation
    return self._retryable_read(
  File "C:\Users\orobatic\anaconda3\envs\demand_analysis\Lib\site-packages\pymongo\synchronous\mongo_client.py", line 2026, in _retryable_read
    return self._retry_internal(
  File "C:\Users\orobatic\anaconda3\envs\demand_analysis\Lib\site-packages\pymongo\_csot.py", line 119, in csot_wrapper
    return func(self, *args, **kwargs)
  File "C:\Users\orobatic\anaconda3\envs\demand_analysis\Lib\site-packages\pymongo\synchronous\mongo_client.py", line 1993, in _retry_internal
    ).run()
  File "C:\Users\orobatic\anaconda3\envs\demand_analysis\Lib\site-packages\pymongo\synchronous\mongo_client.py", line 2730, in run
    return self._read() if self._is_read else self._write()
  File "C:\Users\orobatic\anaconda3\envs\demand_analysis\Lib\site-packages\pymongo\synchronous\mongo_client.py", line 2877, in _read
    with self._client._conn_from_server(self._read_pref, self._server, self._session) as (
  File "C:\Users\orobatic\anaconda3\envs\demand_analysis\Lib\contextlib.py", line 141, in __enter__
    return next(self.gen)
  File "C:\Users\orobatic\anaconda3\envs\demand_analysis\Lib\site-packages\pymongo\synchronous\mongo_client.py", line 1846, in _conn_from_server
    with self._checkout(server, session) as conn:
  File "C:\Users\orobatic\anaconda3\envs\demand_analysis\Lib\contextlib.py", line 141, in __enter__
    return next(self.gen)
  File "C:\Users\orobatic\anaconda3\envs\demand_analysis\Lib\site-packages\pymongo\synchronous\mongo_client.py", line 1756, in _checkout
    with server.checkout(handler=err_handler) as conn:
  File "C:\Users\orobatic\anaconda3\envs\demand_analysis\Lib\contextlib.py", line 141, in __enter__
    return next(self.gen)
  File "C:\Users\orobatic\anaconda3\envs\demand_analysis\Lib\site-packages\pymongo\synchronous\pool.py", line 1119, in checkout
    conn = self._get_conn(checkout_started_time, handler=handler)
  File "C:\Users\orobatic\anaconda3\envs\demand_analysis\Lib\site-packages\pymongo\synchronous\pool.py", line 1281, in _get_conn
    conn = self.connect(handler=handler)
  File "C:\Users\orobatic\anaconda3\envs\demand_analysis\Lib\site-packages\pymongo\synchronous\pool.py", line 1073, in connect
    conn.authenticate()
  File "C:\Users\orobatic\anaconda3\envs\demand_analysis\Lib\site-packages\pymongo\synchronous\pool.py", line 526, in authenticate
    auth.authenticate(creds, self, reauthenticate=reauthenticate)
  File "C:\Users\orobatic\anaconda3\envs\demand_analysis\Lib\site-packages\pymongo\synchronous\auth.py", line 450, in authenticate
    auth_func(credentials, conn)
  File "C:\Users\orobatic\anaconda3\envs\demand_analysis\Lib\site-packages\pymongo\synchronous\auth.py", line 355, in _authenticate_default
    return _authenticate_scram(credentials, conn, "SCRAM-SHA-1")
  File "C:\Users\orobatic\anaconda3\envs\demand_analysis\Lib\site-packages\pymongo\synchronous\auth.py", line 96, in _authenticate_scram
    res = conn.command(source, cmd)
  File "C:\Users\orobatic\anaconda3\envs\demand_analysis\Lib\site-packages\pymongo\synchronous\helpers.py", line 47, in inner
    return func(*args, **kwargs)
  File "C:\Users\orobatic\anaconda3\envs\demand_analysis\Lib\site-packages\pymongo\synchronous\pool.py", line 414, in command
    return command(
  File "C:\Users\orobatic\anaconda3\envs\demand_analysis\Lib\site-packages\pymongo\synchronous\network.py", line 212, in command
    helpers_shared._check_command_response(
  File "C:\Users\orobatic\anaconda3\envs\demand_analysis\Lib\site-packages\pymongo\helpers_shared.py", line 250, in _check_command_response
    raise OperationFailure(errmsg, code, response, max_wire_version)

pymongo.errors.OperationFailure: Authentication failed., full error: {'ok': 0.0, 'errmsg': 'Authentication failed.', 'code': 18, 'codeName': 'AuthenticationFailed'}
2025-10-23 16:52:20.507 | INFO     | infrastructure.DB.mongo_db:close_connection:62 - Database connection closed.
2025-10-23 16:56:47.425 | INFO     | infrastructure.DB.mongo_db:initialize_db:18 - Initializing database 'orion_ledger' at 'mongodb://127.0.0.1:27017/?compressors=disabled&gssapiServiceName=mongodb' with user 'admin'
2025-10-23 16:56:47.445 | SUCCESS  | infrastructure.DB.mongo_db:initialize_db:21 - Database initialized successfully.
2025-10-23 16:56:47.459 | ERROR    | infrastructure.DB.mongo_db:add_record:32 - Failed to add record to 'test_collection': Authentication failed., full error: {'ok': 0.0, 'errmsg': 'Authentication failed.', 'code': 18, 'codeName': 'AuthenticationFailed'}
Traceback (most recent call last):

  File "C:\Users\orobatic\Desktop\books\OrionLedger\Demand_analysis_model\main.py", line 12, in <module>
    db.add_record("test_collection", {"name": "Test Record", "value": 123})

> File "C:\Users\orobatic\Desktop\books\OrionLedger\Demand_analysis_model\infrastructure\DB\mongo_db.py", line 29, in add_record
    result = collection.insert_one(record)

  File "C:\Users\orobatic\anaconda3\envs\demand_analysis\Lib\site-packages\pymongo\synchronous\collection.py", line 891, in insert_one
    self._insert_one(
  File "C:\Users\orobatic\anaconda3\envs\demand_analysis\Lib\site-packages\pymongo\synchronous\collection.py", line 831, in _insert_one
    self._database.client._retryable_write(
  File "C:\Users\orobatic\anaconda3\envs\demand_analysis\Lib\site-packages\pymongo\synchronous\mongo_client.py", line 2061, in _retryable_write
    return self._retry_with_session(retryable, func, s, bulk, operation, operation_id)
  File "C:\Users\orobatic\anaconda3\envs\demand_analysis\Lib\site-packages\pymongo\synchronous\mongo_client.py", line 1947, in _retry_with_session
    return self._retry_internal(
  File "C:\Users\orobatic\anaconda3\envs\demand_analysis\Lib\site-packages\pymongo\_csot.py", line 119, in csot_wrapper
    return func(self, *args, **kwargs)
  File "C:\Users\orobatic\anaconda3\envs\demand_analysis\Lib\site-packages\pymongo\synchronous\mongo_client.py", line 1993, in _retry_internal
    ).run()
  File "C:\Users\orobatic\anaconda3\envs\demand_analysis\Lib\site-packages\pymongo\synchronous\mongo_client.py", line 2730, in run
    return self._read() if self._is_read else self._write()
  File "C:\Users\orobatic\anaconda3\envs\demand_analysis\Lib\site-packages\pymongo\synchronous\mongo_client.py", line 2841, in _write
    with self._client._checkout(self._server, self._session) as conn:
  File "C:\Users\orobatic\anaconda3\envs\demand_analysis\Lib\contextlib.py", line 141, in __enter__
    return next(self.gen)
  File "C:\Users\orobatic\anaconda3\envs\demand_analysis\Lib\site-packages\pymongo\synchronous\mongo_client.py", line 1756, in _checkout
    with server.checkout(handler=err_handler) as conn:
  File "C:\Users\orobatic\anaconda3\envs\demand_analysis\Lib\contextlib.py", line 141, in __enter__
    return next(self.gen)
  File "C:\Users\orobatic\anaconda3\envs\demand_analysis\Lib\site-packages\pymongo\synchronous\pool.py", line 1119, in checkout
    conn = self._get_conn(checkout_started_time, handler=handler)
  File "C:\Users\orobatic\anaconda3\envs\demand_analysis\Lib\site-packages\pymongo\synchronous\pool.py", line 1281, in _get_conn
    conn = self.connect(handler=handler)
  File "C:\Users\orobatic\anaconda3\envs\demand_analysis\Lib\site-packages\pymongo\synchronous\pool.py", line 1073, in connect
    conn.authenticate()
  File "C:\Users\orobatic\anaconda3\envs\demand_analysis\Lib\site-packages\pymongo\synchronous\pool.py", line 526, in authenticate
    auth.authenticate(creds, self, reauthenticate=reauthenticate)
  File "C:\Users\orobatic\anaconda3\envs\demand_analysis\Lib\site-packages\pymongo\synchronous\auth.py", line 450, in authenticate
    auth_func(credentials, conn)
  File "C:\Users\orobatic\anaconda3\envs\demand_analysis\Lib\site-packages\pymongo\synchronous\auth.py", line 355, in _authenticate_default
    return _authenticate_scram(credentials, conn, "SCRAM-SHA-1")
  File "C:\Users\orobatic\anaconda3\envs\demand_analysis\Lib\site-packages\pymongo\synchronous\auth.py", line 96, in _authenticate_scram
    res = conn.command(source, cmd)
  File "C:\Users\orobatic\anaconda3\envs\demand_analysis\Lib\site-packages\pymongo\synchronous\helpers.py", line 47, in inner
    return func(*args, **kwargs)
  File "C:\Users\orobatic\anaconda3\envs\demand_analysis\Lib\site-packages\pymongo\synchronous\pool.py", line 414, in command
    return command(
  File "C:\Users\orobatic\anaconda3\envs\demand_analysis\Lib\site-packages\pymongo\synchronous\network.py", line 212, in command
    helpers_shared._check_command_response(
  File "C:\Users\orobatic\anaconda3\envs\demand_analysis\Lib\site-packages\pymongo\helpers_shared.py", line 250, in _check_command_response
    raise OperationFailure(errmsg, code, response, max_wire_version)

pymongo.errors.OperationFailure: Authentication failed., full error: {'ok': 0.0, 'errmsg': 'Authentication failed.', 'code': 18, 'codeName': 'AuthenticationFailed'}
2025-10-23 16:56:57.467 | ERROR    | infrastructure.DB.mongo_db:get_record:41 - Failed to retrieve record from 'test_collection': Authentication failed., full error: {'ok': 0.0, 'errmsg': 'Authentication failed.', 'code': 18, 'codeName': 'AuthenticationFailed'}
Traceback (most recent call last):

  File "C:\Users\orobatic\Desktop\books\OrionLedger\Demand_analysis_model\main.py", line 13, in <module>
    record = db.get_record("test_collection", {"name": "Test Record"})

> File "C:\Users\orobatic\Desktop\books\OrionLedger\Demand_analysis_model\infrastructure\DB\mongo_db.py", line 37, in get_record
    record = collection.find_one(query)

  File "C:\Users\orobatic\anaconda3\envs\demand_analysis\Lib\site-packages\pymongo\synchronous\collection.py", line 1755, in find_one
    for result in cursor.limit(-1):
  File "C:\Users\orobatic\anaconda3\envs\demand_analysis\Lib\site-packages\pymongo\synchronous\cursor.py", line 1284, in __next__
    return self.next()
  File "C:\Users\orobatic\anaconda3\envs\demand_analysis\Lib\site-packages\pymongo\synchronous\cursor.py", line 1260, in next
    if len(self._data) or self._refresh():
  File "C:\Users\orobatic\anaconda3\envs\demand_analysis\Lib\site-packages\pymongo\synchronous\cursor.py", line 1208, in _refresh
    self._send_message(q)
  File "C:\Users\orobatic\anaconda3\envs\demand_analysis\Lib\site-packages\pymongo\synchronous\cursor.py", line 1102, in _send_message
    response = client._run_operation(
  File "C:\Users\orobatic\anaconda3\envs\demand_analysis\Lib\site-packages\pymongo\_csot.py", line 119, in csot_wrapper
    return func(self, *args, **kwargs)
  File "C:\Users\orobatic\anaconda3\envs\demand_analysis\Lib\site-packages\pymongo\synchronous\mongo_client.py", line 1917, in _run_operation
    return self._retryable_read(
  File "C:\Users\orobatic\anaconda3\envs\demand_analysis\Lib\site-packages\pymongo\synchronous\mongo_client.py", line 2026, in _retryable_read
    return self._retry_internal(
  File "C:\Users\orobatic\anaconda3\envs\demand_analysis\Lib\site-packages\pymongo\_csot.py", line 119, in csot_wrapper
    return func(self, *args, **kwargs)
  File "C:\Users\orobatic\anaconda3\envs\demand_analysis\Lib\site-packages\pymongo\synchronous\mongo_client.py", line 1993, in _retry_internal
    ).run()
  File "C:\Users\orobatic\anaconda3\envs\demand_analysis\Lib\site-packages\pymongo\synchronous\mongo_client.py", line 2730, in run
    return self._read() if self._is_read else self._write()
  File "C:\Users\orobatic\anaconda3\envs\demand_analysis\Lib\site-packages\pymongo\synchronous\mongo_client.py", line 2877, in _read
    with self._client._conn_from_server(self._read_pref, self._server, self._session) as (
  File "C:\Users\orobatic\anaconda3\envs\demand_analysis\Lib\contextlib.py", line 141, in __enter__
    return next(self.gen)
  File "C:\Users\orobatic\anaconda3\envs\demand_analysis\Lib\site-packages\pymongo\synchronous\mongo_client.py", line 1846, in _conn_from_server
    with self._checkout(server, session) as conn:
  File "C:\Users\orobatic\anaconda3\envs\demand_analysis\Lib\contextlib.py", line 141, in __enter__
    return next(self.gen)
  File "C:\Users\orobatic\anaconda3\envs\demand_analysis\Lib\site-packages\pymongo\synchronous\mongo_client.py", line 1756, in _checkout
    with server.checkout(handler=err_handler) as conn:
  File "C:\Users\orobatic\anaconda3\envs\demand_analysis\Lib\contextlib.py", line 141, in __enter__
    return next(self.gen)
  File "C:\Users\orobatic\anaconda3\envs\demand_analysis\Lib\site-packages\pymongo\synchronous\pool.py", line 1119, in checkout
    conn = self._get_conn(checkout_started_time, handler=handler)
  File "C:\Users\orobatic\anaconda3\envs\demand_analysis\Lib\site-packages\pymongo\synchronous\pool.py", line 1281, in _get_conn
    conn = self.connect(handler=handler)
  File "C:\Users\orobatic\anaconda3\envs\demand_analysis\Lib\site-packages\pymongo\synchronous\pool.py", line 1073, in connect
    conn.authenticate()
  File "C:\Users\orobatic\anaconda3\envs\demand_analysis\Lib\site-packages\pymongo\synchronous\pool.py", line 526, in authenticate
    auth.authenticate(creds, self, reauthenticate=reauthenticate)
  File "C:\Users\orobatic\anaconda3\envs\demand_analysis\Lib\site-packages\pymongo\synchronous\auth.py", line 450, in authenticate
    auth_func(credentials, conn)
  File "C:\Users\orobatic\anaconda3\envs\demand_analysis\Lib\site-packages\pymongo\synchronous\auth.py", line 355, in _authenticate_default
    return _authenticate_scram(credentials, conn, "SCRAM-SHA-1")
  File "C:\Users\orobatic\anaconda3\envs\demand_analysis\Lib\site-packages\pymongo\synchronous\auth.py", line 96, in _authenticate_scram
    res = conn.command(source, cmd)
  File "C:\Users\orobatic\anaconda3\envs\demand_analysis\Lib\site-packages\pymongo\synchronous\helpers.py", line 47, in inner
    return func(*args, **kwargs)
  File "C:\Users\orobatic\anaconda3\envs\demand_analysis\Lib\site-packages\pymongo\synchronous\pool.py", line 414, in command
    return command(
  File "C:\Users\orobatic\anaconda3\envs\demand_analysis\Lib\site-packages\pymongo\synchronous\network.py", line 212, in command
    helpers_shared._check_command_response(
  File "C:\Users\orobatic\anaconda3\envs\demand_analysis\Lib\site-packages\pymongo\helpers_shared.py", line 250, in _check_command_response
    raise OperationFailure(errmsg, code, response, max_wire_version)

pymongo.errors.OperationFailure: Authentication failed., full error: {'ok': 0.0, 'errmsg': 'Authentication failed.', 'code': 18, 'codeName': 'AuthenticationFailed'}
2025-10-23 16:56:57.480 | INFO     | infrastructure.DB.mongo_db:close_connection:62 - Database connection closed.
2025-10-23 18:01:56.364 | INFO     | infrastructure.DB.mongo_db:initialize_db:18 - Initializing database 'orion_ledger' at 'mongodb://127.0.0.1:27017/?compressors=disabled&gssapiServiceName=mongodb' with user 'admin'
2025-10-23 18:01:56.373 | SUCCESS  | infrastructure.DB.mongo_db:initialize_db:21 - Database initialized successfully.
2025-10-23 18:01:56.446 | INFO     | infrastructure.DB.mongo_db:add_record:30 - Record added to 'test_collection' with id: 68fa4364dcef4f31c2bdefcd
2025-10-23 18:01:56.456 | INFO     | infrastructure.DB.mongo_db:get_record:38 - Record retrieved from 'test_collection': {'_id': ObjectId('68fa4364dcef4f31c2bdefcd'), 'name': 'Test Record', 'value': 123}
2025-10-23 18:01:56.458 | INFO     | infrastructure.DB.mongo_db:close_connection:62 - Database connection closed.
2025-10-23 18:08:16.796 | INFO     | infrastructure.DB.mongo_db:initialize_db:16 - Initializing database 'orion_ledger' at 'mongodb://127.0.0.1:27017'
2025-10-23 18:08:16.804 | SUCCESS  | infrastructure.DB.mongo_db:initialize_db:19 - Database initialized successfully.
2025-10-23 18:08:16.813 | INFO     | infrastructure.DB.mongo_db:add_record:28 - Record added to 'test_collection' with id: 68fa44e028ffed0a79ceb04d
2025-10-23 18:08:16.815 | INFO     | infrastructure.DB.mongo_db:get_record:36 - Record retrieved from 'test_collection': {'_id': ObjectId('68fa4364dcef4f31c2bdefcd'), 'name': 'Test Record', 'value': 123}
2025-10-23 18:08:16.816 | INFO     | infrastructure.DB.mongo_db:close_connection:60 - Database connection closed.
2025-10-23 18:16:40.095 | INFO     | infrastructure.DB.mongo_db:initialize_db:16 - Initializing database 'orion_ledger' at 'mongodb://127.0.0.1:27017'
2025-10-23 18:16:40.100 | SUCCESS  | infrastructure.DB.mongo_db:initialize_db:19 - Database initialized successfully.
2025-10-23 18:16:40.108 | INFO     | infrastructure.DB.mongo_db:add_record:28 - Record added to 'test_collection' with id: 68fa46d860404a5cf5076658
2025-10-23 18:16:40.110 | INFO     | infrastructure.DB.mongo_db:get_record:36 - Record retrieved from 'test_collection': {'_id': ObjectId('68fa4364dcef4f31c2bdefcd'), 'name': 'Test Record', 'value': 123}
2025-10-23 18:16:40.112 | INFO     | infrastructure.DB.mongo_db:close_connection:60 - Database connection closed.
